Removed Pin From Net: NetName=GND Pin=R1-1
Removed Pin From Net: NetName=NetQ1_1 Pin=R1-2
Removed Pin From Net: NetName=GND Pin=R3-1
Removed Pin From Net: NetName=GND Pin=R3-2
Removed Pin From Net: NetName=GND Pin=U2-1
Removed Pin From Net: NetName=GND Pin=U2-3
Removed Pin From Net: NetName=NetQ1_1 Pin=U2-4
Removed Pin From Net: NetName=VCC Pin=U2-5
Removed Pin From Net: NetName=VCC Pin=U3-1
Removed Pin From Net: NetName=GND Pin=U3-3
Removed Member From Class: ClassName=XJTLU_Torpedo Member=R1
Removed Member From Class: ClassName=XJTLU_Torpedo Member=R3
Removed Member From Class: ClassName=XJTLU_Torpedo Member=U3
Added Component: Designator=MK?(PIN2)
Add component (AddParameter): Name = "LatestRevisionDate"; Value = "17-Jul-2002"; VariantName = "[No Variations]"
Add component (AddParameter): Name = "LatestRevisionNote"; Value = "Re-released for DXP Platform."; VariantName = "[No Variations]"
Add component (AddParameter): Name = "PackageReference"; Value = "PIN2"; VariantName = "[No Variations]"
Add component (AddParameter): Name = "Published"; Value = "24-Mar-1999"; VariantName = "[No Variations]"
Add component (AddParameter): Name = "Publisher"; Value = "Altium Limited"; VariantName = "[No Variations]"
Added Component: Designator=U2(TSOT-23-3)
Added Pin To Net: NetName=GND Pin=MK?-1
Added Pin To Net: NetName=VCC Pin=MK?-2
Added Pin To Net: NetName=NetQ1_1 Pin=U1-2
Added Pin To Net: NetName=VCC Pin=U2-1
Added Pin To Net: NetName=NetQ1_1 Pin=U2-2
Added Pin To Net: NetName=GND Pin=U2-3
Added Member To Class: ClassName=XJTLU_Torpedo Member=Component MK? Mic2
Added Room: Name=XJTLU_Torpedo
