Added Component: Designator=C1(0603)
Added Component: Designator=J1(PIN1)
Add component (AddParameter): Name = "LatestRevisionDate"; Value = "17-Jul-2002"; VariantName = "[No Variations]"
Add component (AddParameter): Name = "LatestRevisionNote"; Value = "Re-released for DXP Platform."; VariantName = "[No Variations]"
Add component (AddParameter): Name = "Publisher"; Value = "Altium Limited"; VariantName = "[No Variations]"
Added Component: Designator=J2(PIN1)
Add component (AddParameter): Name = "LatestRevisionDate"; Value = "17-Jul-2002"; VariantName = "[No Variations]"
Add component (AddParameter): Name = "LatestRevisionNote"; Value = "Re-released for DXP Platform."; VariantName = "[No Variations]"
Add component (AddParameter): Name = "Publisher"; Value = "Altium Limited"; VariantName = "[No Variations]"
Added Component: Designator=Q1(SOT-23-3)
Added Component: Designator=Q2(SOT-23-3)
Added Component: Designator=R1(0603)
Added Component: Designator=R2(0603)
Added Component: Designator=R3(0603)
Added Component: Designator=U1(TSOT-23-3)
Added Component: Designator=U2(SC-70-5P)
Added Pin To Net: NetName=GND Pin=C1-1
Added Pin To Net: NetName=GND Pin=J2-1
Added Pin To Net: NetName=GND Pin=R2-1
Added Pin To Net: NetName=GND Pin=R3-1
Added Pin To Net: NetName=GND Pin=U1-3
Added Pin To Net: NetName=GND Pin=U2-3
Added Net: Name=GND
Added Pin To Net: NetName=NetJ1_1 Pin=J1-1
Added Pin To Net: NetName=NetJ1_1 Pin=Q2-2
Added Net: Name=NetJ1_1
Added Pin To Net: NetName=NetQ1_1 Pin=Q1-1
Added Pin To Net: NetName=NetQ1_1 Pin=R1-2
Added Pin To Net: NetName=NetQ1_1 Pin=U2-4
Added Net: Name=NetQ1_1
Added Pin To Net: NetName=NetQ1_2 Pin=Q1-2
Added Pin To Net: NetName=NetQ1_2 Pin=Q2-1
Added Pin To Net: NetName=NetQ1_2 Pin=R2-2
Added Net: Name=NetQ1_2
Added Pin To Net: NetName=NetR1_1 Pin=R1-1
Added Pin To Net: NetName=NetR1_1 Pin=R3-2
Added Pin To Net: NetName=NetR1_1 Pin=U2-1
Added Net: Name=NetR1_1
Added Pin To Net: NetName=NetU1_2 Pin=U1-2
Added Pin To Net: NetName=NetU1_2 Pin=U2-2
Added Net: Name=NetU1_2
Added Pin To Net: NetName=VCC Pin=C1-2
Added Pin To Net: NetName=VCC Pin=Q1-3
Added Pin To Net: NetName=VCC Pin=Q2-3
Added Pin To Net: NetName=VCC Pin=U1-1
Added Pin To Net: NetName=VCC Pin=U2-5
Added Net: Name=VCC
Added Member To Class: ClassName=XJTLU_Torpedo Member=Component C1 470pF
Added Member To Class: ClassName=XJTLU_Torpedo Member=Component J1 OUT+
Added Member To Class: ClassName=XJTLU_Torpedo Member=Component J2 OUT-
Added Member To Class: ClassName=XJTLU_Torpedo Member=Component Q1 S9013
Added Member To Class: ClassName=XJTLU_Torpedo Member=Component Q2 AP2302B
Added Member To Class: ClassName=XJTLU_Torpedo Member=Component R1 10k¦¸
Added Member To Class: ClassName=XJTLU_Torpedo Member=Component R2 1k¦¸
Added Member To Class: ClassName=XJTLU_Torpedo Member=Component R3 10k¦¸
Added Member To Class: ClassName=XJTLU_Torpedo Member=Component U1 CC6201
Added Member To Class: ClassName=XJTLU_Torpedo Member=Component U2 SN74LVC1G80
Added Room: Name=XJTLU_Torpedo
